20240426	16:34:30	1171366c-1a6d-4ba5-b13c-aa1f0a9aa5d0	/api/v1/mail-service	POST	undefined
20240426	16:35:40	da82208e-04bf-4ab5-9391-98fe09c72bd2	/api/v1/mail-service	POST	undefined
20240426	16:39:43	337d53d1-e24b-465a-86bd-53778281362e	/api/v1/mail-service/about	POST	undefined
20240426	16:41:56	610174ef-2b60-4b3c-b526-aee7dd269651	/api/v1/mail-service/about	POST	undefined
20240426	16:46:03	c472a1d0-5889-48b4-b00b-01cf79c95560	/api/v1/mail-service/about	POST	undefined
20240426	16:46:48	2d050e51-77ad-4e7f-a3d8-65e7044646a6	/api/v1/mail-service/about	POST	undefined
20240426	16:47:29	bad0ba15-4a79-4998-b5c0-0c43870a573d	/api/v1/mail-service/about	POST	undefined
20240426	16:47:38	b08fd8ea-171d-4cd9-b8f4-0dc3f85790b0	/api/v1/mail-service/	POST	undefined
20240426	16:55:10	e04a9b36-084d-4865-8e58-46efd9cd228b	/api/v1/mail-service/	POST	undefined
20240426	17:26:17	bb873611-ca7d-4495-8860-158401083886	/api/v1/mail-service/	POST	undefined
20240426	17:27:29	9595f73f-9196-482f-a84b-fbd90d0eebf2	/api/v1/mail-service/	POST	undefined
20240426	17:30:41	b3cadb50-4c1a-4662-9a17-3fd7727e4ed4	/api/v1/mail-service/	POST	undefined
20240426	17:30:51	1029b7c1-520b-4baa-a981-8f80fe90c49a	/api/v1/mail-service/	POST	undefined
20240426	17:31:36	b807c603-493f-4fa5-b5a3-11c1cf535700	/api/v1/mail-service/	POST	undefined
20240426	17:34:35	854388ec-686d-458a-8b53-c1b328c6b02b	/api/v1/mail-service/	POST	undefined
20240426	17:36:47	5397f858-1f80-4017-91d5-e8a63d388f84	/api/v1/mail-service/	POST	undefined
20240426	17:38:22	ef6d3402-80d4-4caf-85f5-eb2477e8c568	/api/v1/mail-service/	POST	undefined
20240426	17:41:43	6d14e5f0-c17d-4d62-baac-031780baae01	/api/v1/mail-service/	POST	undefined
20240426	18:06:17	3048ad7a-8199-46b3-b0a6-1c6881dd0d4d	/api/v1/mail-service/	POST	undefined
20240426	18:13:57	8a873ef9-d512-4ecc-a7db-31d7f3fd37bf	/api/v1/mail-service/	POST	undefined
20240426	18:17:51	7a02a8c1-1420-481e-a341-54d47dd6404c	/api/v1/mail-service/	POST	undefined
20240427	11:22:00	cab81e78-941a-4a5a-9379-f2c05406c52c	/favicon.ico	GET	undefined
20240427	11:22:45	519bedb5-a3c7-4bb4-ab04-8550f3a663e1	/api/v1/mail-service	POST	http://localhost:3000
20240427	11:26:11	bbaab2b2-9059-4ac9-929e-7fd2ce33c3bc	/favicon.ico	GET	undefined
20240427	11:26:13	02d9366b-34ea-4f07-8755-e36d8abf6405	/api/v1/mail-service	POST	http://localhost:3000
20240427	11:26:23	9d6e3e45-66da-44c0-af5b-c99d5c64e8fd	/api/v1/mail-service	POST	http://localhost:3000
20240427	11:26:31	b591e0da-5ff4-47b6-951d-1875e408d996	/api/v1/mail-service	POST	http://localhost:3000
20240427	11:26:34	a6765ba0-273a-4455-b60c-46dbe4563a1d	/api/v1/mail-service	POST	http://localhost:3000
20240427	11:26:36	1bf03f75-8e49-467c-bfed-c9935c82e24b	/api/v1/mail-service	POST	http://localhost:3000
20240427	11:26:39	fe7169d0-532d-494a-82f1-9fedb8d3df05	/api/v1/mail-service	POST	http://localhost:3000
20240427	11:26:45	bea7c760-c066-492c-90d2-4dbed9acdd9a	/api/v1/mail-service	POST	http://localhost:3000
20240427	11:26:52	c7b18273-44b0-451a-a311-aca7f445023d	/favicon.ico	GET	undefined
20240427	11:26:53	5f21d94b-9fdf-40fb-9f16-2d905999f3ff	/favicon.ico	GET	undefined
20240427	11:26:55	31293c1e-0796-438e-b1d5-fed43286c0be	/api/v1/mail-service	POST	http://localhost:3000
20240427	11:27:12	752886f5-0d7f-4e0b-a168-50404c15a70f	/api/v1/mail-service	POST	http://localhost:3000
20240427	11:27:20	55535d36-f23c-49e4-a839-84f7384acf18	/api/v1/mail-service	POST	http://localhost:3000
20240427	11:59:31	18f7fcd5-a866-4e02-a12b-fcd3520f535c	/favicon.ico	GET	undefined
20240427	11:59:37	040d8fc1-f8e8-4aed-a441-06dc1b0cb3f7	/api/v1/mail-service	POST	http://localhost:3000
20240427	11:59:47	c9f6dc0c-3437-4084-b62c-d78c67ab2c18	/api/v1/mail-service	POST	http://localhost:3000
20240427	12:00:14	08adcc5d-053c-43e8-85eb-6c0a520bd0cc	/favicon.ico	GET	undefined
20240427	12:13:26	bd7e8bf5-5299-46d2-86f7-982f1488044b	/favicon.ico	GET	undefined
20240427	13:19:28	59aaad6f-f7da-4f12-b19e-193ee48d8aa3	/favicon.ico	GET	undefined
20240427	13:25:58	56d8a98e-1fa3-4295-988a-51084fb1f437	/favicon.ico	GET	undefined
20240427	13:26:54	8697da76-dcca-47a3-a9ae-50a8e96127bd	/api/v1/mail-service	POST	http://localhost:3000
20240427	13:27:57	af7c6f52-0109-449f-89c9-f17ba4636a1b	/favicon.ico	GET	undefined
20240427	13:28:13	c570effd-3ce6-44a1-b09d-b50b287d7f99	/api/v1/mail-service	POST	http://localhost:3000
20240427	13:30:10	82985ef1-decc-4d82-b1aa-ff13dba653e7	/api/v1/mail-service	POST	http://localhost:3000
20240427	13:30:16	3b611f80-e10b-4683-bb2e-2acd88668247	/api/v1/mail-service	POST	http://localhost:3000
20240427	13:31:30	bcf83a29-dcce-4d9d-9c8d-fc6526459f1d	/favicon.ico	GET	undefined
20240427	13:31:44	0f2cce17-49e4-463d-8f39-c0a914afaa63	/api/v1/mail-service	POST	http://localhost:3000
20240427	13:32:16	d47e65e6-3d60-44fb-8db6-94160c6566dc	/api/v1/mail-service	POST	http://localhost:3000
20240427	13:32:20	dbed5995-2911-45f4-bfa3-1ea7cef42dc1	/favicon.ico	GET	undefined
20240427	13:32:31	207cdd62-1058-4585-b03d-ea19d0d83b61	/api/v1/mail-services	POST	http://localhost:3000
20240427	13:32:40	c4c8c311-3bb6-49b4-88a6-bcce06e52e91	/api/v1/mail-services	POST	http://localhost:3000
20240427	13:32:42	80e3aa08-0e14-41c1-9c05-1d1e474401ff	/api/v1/mail-services	POST	http://localhost:3000
20240427	13:32:43	019e8918-5948-48d5-89c2-ed8ed5c2eb81	/api/v1/mail-services	POST	http://localhost:3000
20240427	13:32:43	be48e67d-131b-4e67-99df-f347a20c85fd	/api/v1/mail-services	POST	http://localhost:3000
20240427	13:36:17	a9d7a4cf-089b-43b1-af05-48bb50f2ff41	/favicon.ico	GET	undefined
20240427	13:36:31	d751de50-1cb6-4d5c-b103-2a1d844d3390	/api/v1/mail-service	POST	http://localhost:3000
20240427	13:51:10	cbfdeaf5-0b5b-4bdc-b3ad-3fedc6204e07	/favicon.ico	GET	undefined
20240427	13:54:06	1cb04bea-d180-4821-9989-d0408b3f8962	/api/v1/mail-service	POST	http://localhost:3000
20240427	14:01:29	3201c9b8-ca8a-4ef0-9fe4-b8418febd5c5	/favicon.ico	GET	undefined
20240427	14:01:41	33b0cb5f-5d9d-4496-96b7-c8fcc98ea478	/favicon.ico	GET	undefined
20240427	14:01:45	b393d82b-cfea-4771-9ec9-b584112356b0	/favicon.ico	GET	undefined
20240427	14:01:53	38f4c657-c03c-4594-95e5-7bdbd091fcd3	/favicon.ico	GET	undefined
20240427	14:01:54	ce953391-8ce9-4dfc-867a-f08e538c8d0a	/favicon.ico	GET	undefined
20240427	14:02:12	24c76b7d-9f85-46a0-a09f-5ce24fdb4c53	/favicon.ico	GET	undefined
20240427	14:02:34	dd059efc-cd75-48bb-9388-530302c1c9a0	/api/v1/mail-service	POST	http://localhost:3000
20240427	14:03:30	fda530a1-ada9-46c7-84b8-a7cc563378a4	/favicon.ico	GET	undefined
20240427	14:07:13	b6baeacd-5ed4-4090-a861-66c031c740bf	/favicon.ico	GET	undefined
20240427	14:07:25	67caf6f7-1d44-4629-a0e5-2743e12dfcc2	/api/v1/mail-service	POST	http://localhost:3000
20240427	14:12:20	0ddcf971-4e43-48a8-8fbf-784989998cb0	/favicon.ico	GET	undefined
20240427	14:12:31	0ebc7211-0878-46cb-a235-1af3b256ee7f	/api/v1/mail-service	POST	http://localhost:3000
20240427	14:13:04	2c890959-17ab-49e3-9f08-903a13cef4a6	/favicon.ico	GET	undefined
20240427	14:13:16	1a7e2a67-8e1b-456e-b353-9f4b8132f1df	/api/v1/mail-service	POST	http://localhost:3000
20240427	14:15:25	02fc0ed6-52c2-43fc-b0aa-3ab84164e4ac	/favicon.ico	GET	undefined
20240427	14:15:27	bf4ba24d-be14-47b8-9652-47fcedce5fc3	/favicon.ico	GET	undefined
20240427	14:15:28	278ab6b6-55cc-4773-8625-e03f71ca5fe3	/favicon.ico	GET	undefined
20240427	14:15:28	47b4d553-b78e-4ae3-9326-82582a6e64c8	/favicon.ico	GET	undefined
20240427	14:15:48	c8ad2d0a-ed26-4f90-a2af-172843b5f95a	/favicon.ico	GET	undefined
20240427	14:16:35	64ec6954-1fd7-44c7-9919-76a2a030540e	/favicon.ico	GET	undefined
20240427	14:16:56	9b342c00-2f7d-471e-9507-975f3614c727	/favicon.ico	GET	undefined
20240427	14:17:12	1474bc9f-f72e-49a4-9dc6-b43bed6209aa	/favicon.ico	GET	undefined
20240427	14:17:13	a0895d83-917f-43b3-beca-7ebef7993509	/favicon.ico	GET	undefined
20240427	14:17:13	b0055046-e67b-436c-a9f1-879636731f17	/favicon.ico	GET	undefined
20240427	14:17:24	19555026-df18-4be9-9d75-4fe59b630a26	/favicon.ico	GET	undefined
20240427	14:45:01	d9fc8d0a-b7b5-43a6-8857-45bfb8063976	/favicon.ico	GET	undefined
20240427	14:45:22	7a220fb3-072a-497c-b7f1-2b3c4744f167	/favicon.ico	GET	undefined
20240427	14:45:37	ddf310b0-5801-4ad6-88ac-6434d6fc1afc	/api/v1/mail-service	POST	http://localhost:3000
20240427	14:46:14	9f3dbaa8-8413-4442-b60a-9b50ee36cd1d	/favicon.ico	GET	undefined
20240427	14:48:02	d0f83444-8d23-4d1a-a20c-d1e2f2434dff	/favicon.ico	GET	undefined
20240427	14:48:29	0549c729-739f-497e-9a01-892c66e1232b	/api/v1/mail-service	POST	http://localhost:3000
20240427	15:35:12	afa41946-56ed-4e8f-b60f-0a614b241002	/favicon.ico	GET	undefined
20240427	15:37:53	8a9da143-81a6-4337-a114-9fd3ad8931d9	/favicon.ico	GET	undefined
20240427	15:44:31	72d682ab-bc27-4918-be98-028b73808c9e	/favicon.ico	GET	undefined
20240427	15:45:13	9e28fbd6-2908-4a27-96f0-b8db96fe0463	/api/v1/mail-service	POST	http://localhost:3000
20240427	15:48:43	47abde18-bd36-4095-8249-438431aa188c	/favicon.ico	GET	undefined
20240427	15:49:13	3154d6c3-4221-463e-b102-f6d5828281d4	/api/v1/mail-service	POST	http://localhost:3000
20240427	15:51:12	f6c7ae9f-9713-4622-b6fa-299e46798551	/favicon.ico	GET	undefined
20240427	15:51:24	27a855d8-86ff-48d6-a355-feed416f6763	/api/v1/mail-service	POST	http://localhost:3000
20240427	15:53:06	dea81fdc-1846-429e-aa3e-b73e147544e9	/favicon.ico	GET	undefined
20240427	15:53:20	ac7e19cf-fd11-4375-8c72-ff01042a2d48	/api/v1/mail-service	POST	http://localhost:3000
20240427	15:57:44	2b1f145c-a840-4b4e-9626-ac328b7c72f9	/favicon.ico	GET	undefined
20240427	15:57:59	43a4e8fb-94fd-4802-b862-7fccfa8908de	/api/v1/mail-service	POST	http://localhost:3000
20240427	15:59:13	4a8ccf55-62a9-46b0-973e-626bcabc9327	/api/v1/mail-service	POST	http://localhost:3000
20240427	16:01:19	80f9e8f6-d84b-448c-aa85-8ba73c549d21	/api/v1/mail-service	POST	http://localhost:3000
20240427	18:39:07	5a693223-c802-41c6-a0b2-da23a92532e5	/api/v1/mail-service	POST	http://localhost:3000
20240427	18:42:03	b6a66b29-8485-4ed1-aa2f-1efaea6ef70f	/api/v1/mail-service	POST	http://localhost:3000
